This is pdfTeX, Version 3.141592653-2.6-1.40.25 (TeX Live 2023/Homebrew) (preloaded format=pdflatex 2023.6.22)  19 DEC 2023 03:30
entering extended mode
 restricted \write18 enabled.
 file:line:error style messages enabled.
 %&-line parsing enabled.
**Rough-Draft.tex
(./Rough-Draft.tex
LaTeX2e <2022-11-01> patch level 1
L3 programming layer <2023-02-22> (/opt/homebrew/Cellar/texlive/20230313_2/share/texmf-dist/tex/latex/ieeetran/IEEEtran.cls
Document Class: IEEEtran 2015/08/26 V1.8b by Michael Shell
-- See the "IEEEtran_HOWTO" manual for usage information.
-- http://www.michaelshell.org/tex/ieeetran/
\@IEEEtrantmpdimenA=\dimen140
\@IEEEtrantmpdimenB=\dimen141
\@IEEEtrantmpdimenC=\dimen142
\@IEEEtrantmpcountA=\count185
\@IEEEtrantmpcountB=\count186
\@IEEEtrantmpcountC=\count187
\@IEEEtrantmptoksA=\toks16
LaTeX Font Info:    Trying to load font information for OT1+ptm on input line 503.
(/opt/homebrew/Cellar/texlive/20230313_2/share/texmf-dist/tex/latex/psnfss/ot1ptm.fd
File: ot1ptm.fd 2001/06/04 font definitions for OT1/ptm.
)
-- Using 8.5in x 11in (letter) paper.
-- Using PDF output.
\@IEEEnormalsizeunitybaselineskip=\dimen143
-- This is a 10 point document.
\CLASSINFOnormalsizebaselineskip=\dimen144
\CLASSINFOnormalsizeunitybaselineskip=\dimen145
\IEEEnormaljot=\dimen146
LaTeX Font Info:    Font shape `OT1/ptm/bx/n' in size <5> not available
(Font)              Font shape `OT1/ptm/b/n' tried instead on input line 1090.
LaTeX Font Info:    Font shape `OT1/ptm/bx/it' in size <5> not available
(Font)              Font shape `OT1/ptm/b/it' tried instead on input line 1090.
LaTeX Font Info:    Font shape `OT1/ptm/bx/n' in size <7> not available
(Font)              Font shape `OT1/ptm/b/n' tried instead on input line 1090.
LaTeX Font Info:    Font shape `OT1/ptm/bx/it' in size <7> not available
(Font)              Font shape `OT1/ptm/b/it' tried instead on input line 1090.
LaTeX Font Info:    Font shape `OT1/ptm/bx/n' in size <8> not available
(Font)              Font shape `OT1/ptm/b/n' tried instead on input line 1090.
LaTeX Font Info:    Font shape `OT1/ptm/bx/it' in size <8> not available
(Font)              Font shape `OT1/ptm/b/it' tried instead on input line 1090.
LaTeX Font Info:    Font shape `OT1/ptm/bx/n' in size <9> not available
(Font)              Font shape `OT1/ptm/b/n' tried instead on input line 1090.
LaTeX Font Info:    Font shape `OT1/ptm/bx/it' in size <9> not available
(Font)              Font shape `OT1/ptm/b/it' tried instead on input line 1090.
LaTeX Font Info:    Font shape `OT1/ptm/bx/n' in size <10> not available
(Font)              Font shape `OT1/ptm/b/n' tried instead on input line 1090.
LaTeX Font Info:    Font shape `OT1/ptm/bx/it' in size <10> not available
(Font)              Font shape `OT1/ptm/b/it' tried instead on input line 1090.
LaTeX Font Info:    Font shape `OT1/ptm/bx/n' in size <11> not available
(Font)              Font shape `OT1/ptm/b/n' tried instead on input line 1090.
LaTeX Font Info:    Font shape `OT1/ptm/bx/it' in size <11> not available
(Font)              Font shape `OT1/ptm/b/it' tried instead on input line 1090.
LaTeX Font Info:    Font shape `OT1/ptm/bx/n' in size <12> not available
(Font)              Font shape `OT1/ptm/b/n' tried instead on input line 1090.
LaTeX Font Info:    Font shape `OT1/ptm/bx/it' in size <12> not available
(Font)              Font shape `OT1/ptm/b/it' tried instead on input line 1090.
LaTeX Font Info:    Font shape `OT1/ptm/bx/n' in size <17> not available
(Font)              Font shape `OT1/ptm/b/n' tried instead on input line 1090.
LaTeX Font Info:    Font shape `OT1/ptm/bx/it' in size <17> not available
(Font)              Font shape `OT1/ptm/b/it' tried instead on input line 1090.
LaTeX Font Info:    Font shape `OT1/ptm/bx/n' in size <20> not available
(Font)              Font shape `OT1/ptm/b/n' tried instead on input line 1090.
LaTeX Font Info:    Font shape `OT1/ptm/bx/it' in size <20> not available
(Font)              Font shape `OT1/ptm/b/it' tried instead on input line 1090.
LaTeX Font Info:    Font shape `OT1/ptm/bx/n' in size <24> not available
(Font)              Font shape `OT1/ptm/b/n' tried instead on input line 1090.
LaTeX Font Info:    Font shape `OT1/ptm/bx/it' in size <24> not available
(Font)              Font shape `OT1/ptm/b/it' tried instead on input line 1090.
\IEEEquantizedlength=\dimen147
\IEEEquantizedlengthdiff=\dimen148
\IEEEquantizedtextheightdiff=\dimen149
\IEEEilabelindentA=\dimen150
\IEEEilabelindentB=\dimen151
\IEEEilabelindent=\dimen152
\IEEEelabelindent=\dimen153
\IEEEdlabelindent=\dimen154
\IEEElabelindent=\dimen155
\IEEEiednormlabelsep=\dimen156
\IEEEiedmathlabelsep=\dimen157
\IEEEiedtopsep=\skip48
\c@section=\count188
\c@subsection=\count189
\c@subsubsection=\count190
\c@paragraph=\count191
\c@IEEEsubequation=\count192
\abovecaptionskip=\skip49
\belowcaptionskip=\skip50
\c@figure=\count193
\c@table=\count194
\@IEEEeqnnumcols=\count195
\@IEEEeqncolcnt=\count196
\@IEEEsubeqnnumrollback=\count197
\@IEEEquantizeheightA=\dimen158
\@IEEEquantizeheightB=\dimen159
\@IEEEquantizeheightC=\dimen160
\@IEEEquantizeprevdepth=\dimen161
\@IEEEquantizemultiple=\count198
\@IEEEquantizeboxA=\box51
\@IEEEtmpitemindent=\dimen162
\IEEEPARstartletwidth=\dimen163
\c@IEEEbiography=\count199
\@IEEEtranrubishbin=\box52
) (/opt/homebrew/Cellar/texlive/20230313_2/share/texmf-dist/tex/latex/geometry/geometry.sty
Package: geometry 2020/01/02 v5.9 Page Geometry
 (/opt/homebrew/Cellar/texlive/20230313_2/share/texmf-dist/tex/latex/graphics/keyval.sty
Package: keyval 2022/05/29 v1.15 key=value parser (DPC)
\KV@toks@=\toks17
) (/opt/homebrew/Cellar/texlive/20230313_2/share/texmf-dist/tex/generic/iftex/ifvtex.sty
Package: ifvtex 2019/10/25 v1.7 ifvtex legacy package. Use iftex instead.
 (/opt/homebrew/Cellar/texlive/20230313_2/share/texmf-dist/tex/generic/iftex/iftex.sty
Package: iftex 2022/02/03 v1.0f TeX engine tests
))
\Gm@cnth=\count266
\Gm@cntv=\count267
\c@Gm@tempcnt=\count268
\Gm@bindingoffset=\dimen164
\Gm@wd@mp=\dimen165
\Gm@odd@mp=\dimen166
\Gm@even@mp=\dimen167
\Gm@layoutwidth=\dimen168
\Gm@layoutheight=\dimen169
\Gm@layouthoffset=\dimen170
\Gm@layoutvoffset=\dimen171
\Gm@dimlist=\toks18
) (/opt/homebrew/Cellar/texlive/20230313_2/share/texmf-dist/tex/latex/amsmath/amsmath.sty
Package: amsmath 2022/04/08 v2.17n AMS math features
\@mathmargin=\skip51

For additional information on amsmath, use the `?' option.
(/opt/homebrew/Cellar/texlive/20230313_2/share/texmf-dist/tex/latex/amsmath/amstext.sty
Package: amstext 2021/08/26 v2.01 AMS text
 (/opt/homebrew/Cellar/texlive/20230313_2/share/texmf-dist/tex/latex/amsmath/amsgen.sty
File: amsgen.sty 1999/11/30 v2.0 generic functions
\@emptytoks=\toks19
\ex@=\dimen172
)) (/opt/homebrew/Cellar/texlive/20230313_2/share/texmf-dist/tex/latex/amsmath/amsbsy.sty
Package: amsbsy 1999/11/29 v1.2d Bold Symbols
\pmbraise@=\dimen173
) (/opt/homebrew/Cellar/texlive/20230313_2/share/texmf-dist/tex/latex/amsmath/amsopn.sty
Package: amsopn 2022/04/08 v2.04 operator names
)
\inf@bad=\count269
LaTeX Info: Redefining \frac on input line 234.
\uproot@=\count270
\leftroot@=\count271
LaTeX Info: Redefining \overline on input line 399.
LaTeX Info: Redefining \colon on input line 410.
\classnum@=\count272
\DOTSCASE@=\count273
LaTeX Info: Redefining \ldots on input line 496.
LaTeX Info: Redefining \dots on input line 499.
LaTeX Info: Redefining \cdots on input line 620.
\Mathstrutbox@=\box53
\strutbox@=\box54
LaTeX Info: Redefining \big on input line 722.
LaTeX Info: Redefining \Big on input line 723.
LaTeX Info: Redefining \bigg on input line 724.
LaTeX Info: Redefining \Bigg on input line 725.
\big@size=\dimen174
LaTeX Font Info:    Redeclaring font encoding OML on input line 743.
LaTeX Font Info:    Redeclaring font encoding OMS on input line 744.
\macc@depth=\count274
LaTeX Info: Redefining \bmod on input line 905.
LaTeX Info: Redefining \pmod on input line 910.
LaTeX Info: Redefining \smash on input line 940.
LaTeX Info: Redefining \relbar on input line 970.
LaTeX Info: Redefining \Relbar on input line 971.
\c@MaxMatrixCols=\count275
\dotsspace@=\muskip16
\c@parentequation=\count276
\dspbrk@lvl=\count277
\tag@help=\toks20
\row@=\count278
\column@=\count279
\maxfields@=\count280
\andhelp@=\toks21
\eqnshift@=\dimen175
\alignsep@=\dimen176
\tagshift@=\dimen177
\tagwidth@=\dimen178
\totwidth@=\dimen179
\lineht@=\dimen180
\@envbody=\toks22
\multlinegap=\skip52
\multlinetaggap=\skip53
\mathdisplay@stack=\toks23
LaTeX Info: Redefining \[ on input line 2953.
LaTeX Info: Redefining \] on input line 2954.
) (/opt/homebrew/Cellar/texlive/20230313_2/share/texmf-dist/tex/latex/amscls/amsthm.sty
Package: amsthm 2020/05/29 v2.20.6
\thm@style=\toks24
\thm@bodyfont=\toks25
\thm@headfont=\toks26
\thm@notefont=\toks27
\thm@headpunct=\toks28
\thm@preskip=\skip54
\thm@postskip=\skip55
\thm@headsep=\skip56
\dth@everypar=\toks29
) (/opt/homebrew/Cellar/texlive/20230313_2/share/texmf-dist/tex/latex/amsfonts/amsfonts.sty
Package: amsfonts 2013/01/14 v3.01 Basic AMSFonts support
\symAMSa=\mathgroup4
\symAMSb=\mathgroup5
LaTeX Font Info:    Redeclaring math symbol \hbar on input line 98.
LaTeX Font Info:    Overwriting math alphabet `\mathfrak' in version `bold'
(Font)                  U/euf/m/n --> U/euf/b/n on input line 106.
) (/opt/homebrew/Cellar/texlive/20230313_2/share/texmf-dist/tex/latex/amsfonts/amssymb.sty
Package: amssymb 2013/01/14 v3.01 AMS font symbols
) (/opt/homebrew/Cellar/texlive/20230313_2/share/texmf-dist/tex/latex/tools/array.sty
Package: array 2022/09/04 v2.5g Tabular extension package (FMi)
\col@sep=\dimen181
\ar@mcellbox=\box55
\extrarowheight=\dimen182
\NC@list=\toks30
\extratabsurround=\skip57
\backup@length=\skip58
\ar@cellbox=\box56
) (/opt/homebrew/Cellar/texlive/20230313_2/share/texmf-dist/tex/latex/bbm-macros/bbm.sty
Package: bbm 1999/03/15 V 1.2 provides fonts for set symbols - TH
LaTeX Font Info:    Overwriting math alphabet `\mathbbm' in version `bold'
(Font)                  U/bbm/m/n --> U/bbm/bx/n on input line 33.
LaTeX Font Info:    Overwriting math alphabet `\mathbbmss' in version `bold'
(Font)                  U/bbmss/m/n --> U/bbmss/bx/n on input line 35.
) (/opt/homebrew/Cellar/texlive/20230313_2/share/texmf-dist/tex/latex/cancel/cancel.sty
Package: cancel 2013/04/12 v2.2 Cancel math terms
) (/opt/homebrew/Cellar/texlive/20230313_2/share/texmf-dist/tex/latex/caption/caption.sty
Package: caption 2023/03/12 v3.6j Customizing captions (AR)
 (/opt/homebrew/Cellar/texlive/20230313_2/share/texmf-dist/tex/latex/caption/caption3.sty
Package: caption3 2023/03/12 v2.4 caption3 kernel (AR)
\caption@tempdima=\dimen183
\captionmargin=\dimen184
\caption@leftmargin=\dimen185
\caption@rightmargin=\dimen186
\caption@width=\dimen187
\caption@indent=\dimen188
\caption@parindent=\dimen189
\caption@hangindent=\dimen190
Package caption Info: Unknown document class (or package),
(caption)             standard defaults will be used.
Package caption Info: \@makecaption = \long macro:#1#2->\ifx \@captype \@IEEEtablestring \footnotesize \bgroup \par \centering \@IEEEtabletopskipstrut {\normalfont \footnotesize #1}\\{\normalfont \footnotesize \scshape #2}\par \addvspace {0.5\baselineskip }\egroup \@IEEEtablecaptionsepspace \else \@IEEEfigurecaptionsepspace \setbox \@tempboxa \hbox {\normalfont \footnotesize {#1.}\nobreakspace \nobreakspace #2}\ifdim \wd \@tempboxa >\hsize \setbox \@tempboxa \hbox {\normalfont \footnotesize {#1.}\nobreakspace \nobreakspace }\parbox [t]{\hsize }{\normalfont \footnotesize \noindent \unhbox \@tempboxa #2}\else \ifCLASSOPTIONconference \hbox to\hsize {\normalfont \footnotesize \hfil \box \@tempboxa \hfil }\else \hbox to\hsize {\normalfont \footnotesize \box \@tempboxa \hfil }\fi \fi \fi  on input line 1176.
)

Package caption Warning: Unknown document class (or package),
(caption)                standard defaults will be used.
See the caption package documentation for explanation.

\c@caption@flags=\count281
\c@continuedfloat=\count282
) (/opt/homebrew/Cellar/texlive/20230313_2/share/texmf-dist/tex/latex/cite/cite.sty
LaTeX Info: Redefining \cite on input line 302.
LaTeX Info: Redefining \nocite on input line 332.
Package: cite 2015/02/27  v 5.5
) (/opt/homebrew/Cellar/texlive/20230313_2/share/texmf-dist/tex/latex/esdiff/esdiff.sty
Package: esdiff 
) (/opt/homebrew/Cellar/texlive/20230313_2/share/texmf-dist/tex/latex/graphics/graphicx.sty
Package: graphicx 2021/09/16 v1.2d Enhanced LaTeX Graphics (DPC,SPQR)
 (/opt/homebrew/Cellar/texlive/20230313_2/share/texmf-dist/tex/latex/graphics/graphics.sty
Package: graphics 2022/03/10 v1.4e Standard LaTeX Graphics (DPC,SPQR)
 (/opt/homebrew/Cellar/texlive/20230313_2/share/texmf-dist/tex/latex/graphics/trig.sty
Package: trig 2021/08/11 v1.11 sin cos tan (DPC)
) (/opt/homebrew/Cellar/texlive/20230313_2/share/texmf-dist/tex/latex/graphics-cfg/graphics.cfg
File: graphics.cfg 2016/06/04 v1.11 sample graphics configuration
)
Package graphics Info: Driver file: pdftex.def on input line 107.
 (/opt/homebrew/Cellar/texlive/20230313_2/share/texmf-dist/tex/latex/graphics-def/pdftex.def
File: pdftex.def 2022/09/22 v1.2b Graphics/color driver for pdftex
))
\Gin@req@height=\dimen191
\Gin@req@width=\dimen192
) (/opt/homebrew/Cellar/texlive/20230313_2/share/texmf-dist/tex/latex/multirow/multirow.sty
Package: multirow 2021/03/15 v2.8 Span multiple rows of a table
\multirow@colwidth=\skip59
\multirow@cntb=\count283
\multirow@dima=\skip60
\bigstrutjot=\dimen193
) (/opt/homebrew/Cellar/texlive/20230313_2/share/texmf-dist/tex/latex/hyperref/hyperref.sty
Package: hyperref 2023-02-07 v7.00v Hypertext links for LaTeX
 (/opt/homebrew/Cellar/texlive/20230313_2/share/texmf-dist/tex/generic/ltxcmds/ltxcmds.sty
Package: ltxcmds 2020-05-10 v1.25 LaTeX kernel commands for general use (HO)
) (/opt/homebrew/Cellar/texlive/20230313_2/share/texmf-dist/tex/generic/pdftexcmds/pdftexcmds.sty
Package: pdftexcmds 2020-06-27 v0.33 Utility functions of pdfTeX for LuaTeX (HO)
 (/opt/homebrew/Cellar/texlive/20230313_2/share/texmf-dist/tex/generic/infwarerr/infwarerr.sty
Package: infwarerr 2019/12/03 v1.5 Providing info/warning/error messages (HO)
)
Package pdftexcmds Info: \pdf@primitive is available.
Package pdftexcmds Info: \pdf@ifprimitive is available.
Package pdftexcmds Info: \pdfdraftmode found.
) (/opt/homebrew/Cellar/texlive/20230313_2/share/texmf-dist/tex/latex/kvsetkeys/kvsetkeys.sty
Package: kvsetkeys 2022-10-05 v1.19 Key value parser (HO)
) (/opt/homebrew/Cellar/texlive/20230313_2/share/texmf-dist/tex/generic/kvdefinekeys/kvdefinekeys.sty
Package: kvdefinekeys 2019-12-19 v1.6 Define keys (HO)
) (/opt/homebrew/Cellar/texlive/20230313_2/share/texmf-dist/tex/generic/pdfescape/pdfescape.sty
Package: pdfescape 2019/12/09 v1.15 Implements pdfTeX's escape features (HO)
) (/opt/homebrew/Cellar/texlive/20230313_2/share/texmf-dist/tex/latex/hycolor/hycolor.sty
Package: hycolor 2020-01-27 v1.10 Color options for hyperref/bookmark (HO)
) (/opt/homebrew/Cellar/texlive/20230313_2/share/texmf-dist/tex/latex/letltxmacro/letltxmacro.sty
Package: letltxmacro 2019/12/03 v1.6 Let assignment for LaTeX macros (HO)
) (/opt/homebrew/Cellar/texlive/20230313_2/share/texmf-dist/tex/latex/auxhook/auxhook.sty
Package: auxhook 2019-12-17 v1.6 Hooks for auxiliary files (HO)
) (/opt/homebrew/Cellar/texlive/20230313_2/share/texmf-dist/tex/latex/hyperref/nameref.sty
Package: nameref 2022-05-17 v2.50 Cross-referencing by name of section
 (/opt/homebrew/Cellar/texlive/20230313_2/share/texmf-dist/tex/latex/refcount/refcount.sty
Package: refcount 2019/12/15 v3.6 Data extraction from label references (HO)
) (/opt/homebrew/Cellar/texlive/20230313_2/share/texmf-dist/tex/generic/gettitlestring/gettitlestring.sty
Package: gettitlestring 2019/12/15 v1.6 Cleanup title references (HO)

(/opt/homebrew/Cellar/texlive/20230313_2/share/texmf-dist/tex/latex/kvoptions/kvoptions.sty
Package: kvoptions 2022-06-15 v3.15 Key value format for package options (HO)
))
\c@section@level=\count284
)
\@linkdim=\dimen194
\Hy@linkcounter=\count285
\Hy@pagecounter=\count286
 (/opt/homebrew/Cellar/texlive/20230313_2/share/texmf-dist/tex/latex/hyperref/pd1enc.def
File: pd1enc.def 2023-02-07 v7.00v Hyperref: PDFDocEncoding definition (HO)
Now handling font encoding PD1 ...
... no UTF-8 mapping file for font encoding PD1
) (/opt/homebrew/Cellar/texlive/20230313_2/share/texmf-dist/tex/generic/intcalc/intcalc.sty
Package: intcalc 2019/12/15 v1.3 Expandable calculations with integers (HO)
) (/opt/homebrew/Cellar/texlive/20230313_2/share/texmf-dist/tex/generic/etexcmds/etexcmds.sty
Package: etexcmds 2019/12/15 v1.7 Avoid name clashes with e-TeX commands (HO)
)
\Hy@SavedSpaceFactor=\count287
 (/opt/homebrew/Cellar/texlive/20230313_2/share/texmf-dist/tex/latex/hyperref/puenc.def
File: puenc.def 2023-02-07 v7.00v Hyperref: PDF Unicode definition (HO)
Now handling font encoding PU ...
... no UTF-8 mapping file for font encoding PU
)
Package hyperref Info: Hyper figures OFF on input line 4177.
Package hyperref Info: Link nesting OFF on input line 4182.
Package hyperref Info: Hyper index ON on input line 4185.
Package hyperref Info: Plain pages OFF on input line 4192.
Package hyperref Info: Backreferencing OFF on input line 4197.
Package hyperref Info: Implicit mode ON; LaTeX internals redefined.
Package hyperref Info: Bookmarks ON on input line 4425.
\c@Hy@tempcnt=\count288
 (/opt/homebrew/Cellar/texlive/20230313_2/share/texmf-dist/tex/latex/url/url.sty
\Urlmuskip=\muskip17
Package: url 2013/09/16  ver 3.4  Verb mode for urls, etc.
)
LaTeX Info: Redefining \url on input line 4763.
\XeTeXLinkMargin=\dimen195
 (/opt/homebrew/Cellar/texlive/20230313_2/share/texmf-dist/tex/generic/bitset/bitset.sty
Package: bitset 2019/12/09 v1.3 Handle bit-vector datatype (HO)
 (/opt/homebrew/Cellar/texlive/20230313_2/share/texmf-dist/tex/generic/bigintcalc/bigintcalc.sty
Package: bigintcalc 2019/12/15 v1.5 Expandable calculations on big integers (HO)
))
\Fld@menulength=\count289
\Field@Width=\dimen196
\Fld@charsize=\dimen197
Package hyperref Info: Hyper figures OFF on input line 6042.
Package hyperref Info: Link nesting OFF on input line 6047.
Package hyperref Info: Hyper index ON on input line 6050.
Package hyperref Info: backreferencing OFF on input line 6057.
Package hyperref Info: Link coloring OFF on input line 6062.
Package hyperref Info: Link coloring with OCG OFF on input line 6067.
Package hyperref Info: PDF/A mode OFF on input line 6072.
 (/opt/homebrew/Cellar/texlive/20230313_2/share/texmf-dist/tex/latex/base/atbegshi-ltx.sty
Package: atbegshi-ltx 2021/01/10 v1.0c Emulation of the original atbegshi
package with kernel methods
)
\Hy@abspage=\count290
\c@Item=\count291
\c@Hfootnote=\count292
)
Package hyperref Info: Driver (autodetected): hpdftex.
 (/opt/homebrew/Cellar/texlive/20230313_2/share/texmf-dist/tex/latex/hyperref/hpdftex.def
File: hpdftex.def 2023-02-07 v7.00v Hyperref driver for pdfTeX
 (/opt/homebrew/Cellar/texlive/20230313_2/share/texmf-dist/tex/latex/base/atveryend-ltx.sty
Package: atveryend-ltx 2020/08/19 v1.0a Emulation of the original atveryend package
with kernel methods
)
\Fld@listcount=\count293
\c@bookmark@seq@number=\count294
 (/opt/homebrew/Cellar/texlive/20230313_2/share/texmf-dist/tex/latex/rerunfilecheck/rerunfilecheck.sty
Package: rerunfilecheck 2022-07-10 v1.10 Rerun checks for auxiliary files (HO)
 (/opt/homebrew/Cellar/texlive/20230313_2/share/texmf-dist/tex/generic/uniquecounter/uniquecounter.sty
Package: uniquecounter 2019/12/15 v1.4 Provide unlimited unique counter (HO)
)
Package uniquecounter Info: New unique counter `rerunfilecheck' on input line 285.
)
\Hy@SectionHShift=\skip61
) (/opt/homebrew/Cellar/texlive/20230313_2/share/texmf-dist/tex/latex/jknapltx/mathrsfs.sty
Package: mathrsfs 1996/01/01 Math RSFS package v1.0 (jk)
\symrsfs=\mathgroup6
) (/opt/homebrew/Cellar/texlive/20230313_2/share/texmf-dist/tex/latex/pgfplots/pgfplots.sty (/opt/homebrew/Cellar/texlive/20230313_2/share/texmf-dist/tex/generic/pgfplots/pgfplots.revision.tex)
Package: pgfplots 2021/05/15 v1.18.1 Data Visualization (1.18.1)
 (/opt/homebrew/Cellar/texlive/20230313_2/share/texmf-dist/tex/latex/pgf/frontendlayer/tikz.sty (/opt/homebrew/Cellar/texlive/20230313_2/share/texmf-dist/tex/latex/pgf/basiclayer/pgf.sty (/opt/homebrew/Cellar/texlive/20230313_2/share/texmf-dist/tex/latex/pgf/utilities/pgfrcs.sty (/opt/homebrew/Cellar/texlive/20230313_2/share/texmf-dist/tex/generic/pgf/utilities/pgfutil-common.tex
\pgfutil@everybye=\toks31
\pgfutil@tempdima=\dimen198
\pgfutil@tempdimb=\dimen199
) (/opt/homebrew/Cellar/texlive/20230313_2/share/texmf-dist/tex/generic/pgf/utilities/pgfutil-latex.def
\pgfutil@abb=\box57
)
(/opt/homebrew/Cellar/texlive/20230313_2/share/texmf-dist/tex/generic/pgf/utilities/pgfrcs.code.tex (/opt/homebrew/Cellar/texlive/20230313_2/share/texmf-dist/tex/generic/pgf/pgf.revision.tex)
Package: pgfrcs 2023-01-15 v3.1.10 (3.1.10)
))
Package: pgf 2023-01-15 v3.1.10 (3.1.10)
 (/opt/homebrew/Cellar/texlive/20230313_2/share/texmf-dist/tex/latex/pgf/basiclayer/pgfcore.sty (/opt/homebrew/Cellar/texlive/20230313_2/share/texmf-dist/tex/latex/pgf/systemlayer/pgfsys.sty (/opt/homebrew/Cellar/texlive/20230313_2/share/texmf-dist/tex/generic/pgf/systemlayer/pgfsys.code.tex
Package: pgfsys 2023-01-15 v3.1.10 (3.1.10)
 (/opt/homebrew/Cellar/texlive/20230313_2/share/texmf-dist/tex/generic/pgf/utilities/pgfkeys.code.tex
\pgfkeys@pathtoks=\toks32
\pgfkeys@temptoks=\toks33
 (/opt/homebrew/Cellar/texlive/20230313_2/share/texmf-dist/tex/generic/pgf/utilities/pgfkeyslibraryfiltered.code.tex
\pgfkeys@tmptoks=\toks34
))
\pgf@x=\dimen256
\pgf@y=\dimen257
\pgf@xa=\dimen258
\pgf@ya=\dimen259
\pgf@xb=\dimen260
\pgf@yb=\dimen261
\pgf@xc=\dimen262
\pgf@yc=\dimen263
\pgf@xd=\dimen264
\pgf@yd=\dimen265
\w@pgf@writea=\write3
\r@pgf@reada=\read2
\c@pgf@counta=\count295
\c@pgf@countb=\count296
\c@pgf@countc=\count297
\c@pgf@countd=\count298
\t@pgf@toka=\toks35
\t@pgf@tokb=\toks36
\t@pgf@tokc=\toks37
\pgf@sys@id@count=\count299
 (/opt/homebrew/Cellar/texlive/20230313_2/share/texmf-dist/tex/generic/pgf/systemlayer/pgf.cfg
File: pgf.cfg 2023-01-15 v3.1.10 (3.1.10)
)
Driver file for pgf: pgfsys-pdftex.def
 (/opt/homebrew/Cellar/texlive/20230313_2/share/texmf-dist/tex/generic/pgf/systemlayer/pgfsys-pdftex.def
File: pgfsys-pdftex.def 2023-01-15 v3.1.10 (3.1.10)
 (/opt/homebrew/Cellar/texlive/20230313_2/share/texmf-dist/tex/generic/pgf/systemlayer/pgfsys-common-pdf.def
File: pgfsys-common-pdf.def 2023-01-15 v3.1.10 (3.1.10)
))) (/opt/homebrew/Cellar/texlive/20230313_2/share/texmf-dist/tex/generic/pgf/systemlayer/pgfsyssoftpath.code.tex
File: pgfsyssoftpath.code.tex 2023-01-15 v3.1.10 (3.1.10)
\pgfsyssoftpath@smallbuffer@items=\count300
\pgfsyssoftpath@bigbuffer@items=\count301
) (/opt/homebrew/Cellar/texlive/20230313_2/share/texmf-dist/tex/generic/pgf/systemlayer/pgfsysprotocol.code.tex
File: pgfsysprotocol.code.tex 2023-01-15 v3.1.10 (3.1.10)
)) (/opt/homebrew/Cellar/texlive/20230313_2/share/texmf-dist/tex/latex/xcolor/xcolor.sty
Package: xcolor 2022/06/12 v2.14 LaTeX color extensions (UK)
 (/opt/homebrew/Cellar/texlive/20230313_2/share/texmf-dist/tex/latex/graphics-cfg/color.cfg
File: color.cfg 2016/01/02 v1.6 sample color configuration
)
Package xcolor Info: Driver file: pdftex.def on input line 227.
 (/opt/homebrew/Cellar/texlive/20230313_2/share/texmf-dist/tex/latex/graphics/mathcolor.ltx)
Package xcolor Info: Model `cmy' substituted by `cmy0' on input line 1353.
Package xcolor Info: Model `hsb' substituted by `rgb' on input line 1357.
Package xcolor Info: Model `RGB' extended on input line 1369.
Package xcolor Info: Model `HTML' substituted by `rgb' on input line 1371.
Package xcolor Info: Model `Hsb' substituted by `hsb' on input line 1372.
Package xcolor Info: Model `tHsb' substituted by `hsb' on input line 1373.
Package xcolor Info: Model `HSB' substituted by `hsb' on input line 1374.
Package xcolor Info: Model `Gray' substituted by `gray' on input line 1375.
Package xcolor Info: Model `wave' substituted by `hsb' on input line 1376.
) (/opt/homebrew/Cellar/texlive/20230313_2/share/texmf-dist/tex/generic/pgf/basiclayer/pgfcore.code.tex
Package: pgfcore 2023-01-15 v3.1.10 (3.1.10)
 (/opt/homebrew/Cellar/texlive/20230313_2/share/texmf-dist/tex/generic/pgf/math/pgfmath.code.tex (/opt/homebrew/Cellar/texlive/20230313_2/share/texmf-dist/tex/generic/pgf/math/pgfmathutil.code.tex) (/opt/homebrew/Cellar/texlive/20230313_2/share/texmf-dist/tex/generic/pgf/math/pgfmathparser.code.tex
\pgfmath@dimen=\dimen266
\pgfmath@count=\count302
\pgfmath@box=\box58
\pgfmath@toks=\toks38
\pgfmath@stack@operand=\toks39
\pgfmath@stack@operation=\toks40
)
(/opt/homebrew/Cellar/texlive/20230313_2/share/texmf-dist/tex/generic/pgf/math/pgfmathfunctions.code.tex) (/opt/homebrew/Cellar/texlive/20230313_2/share/texmf-dist/tex/generic/pgf/math/pgfmathfunctions.basic.code.tex) (/opt/homebrew/Cellar/texlive/20230313_2/share/texmf-dist/tex/generic/pgf/math/pgfmathfunctions.trigonometric.code.tex) (/opt/homebrew/Cellar/texlive/20230313_2/share/texmf-dist/tex/generic/pgf/math/pgfmathfunctions.random.code.tex) (/opt/homebrew/Cellar/texlive/20230313_2/share/texmf-dist/tex/generic/pgf/math/pgfmathfunctions.comparison.code.tex) (/opt/homebrew/Cellar/texlive/20230313_2/share/texmf-dist/tex/generic/pgf/math/pgfmathfunctions.base.code.tex) (/opt/homebrew/Cellar/texlive/20230313_2/share/texmf-dist/tex/generic/pgf/math/pgfmathfunctions.round.code.tex) (/opt/homebrew/Cellar/texlive/20230313_2/share/texmf-dist/tex/generic/pgf/math/pgfmathfunctions.misc.code.tex) (/opt/homebrew/Cellar/texlive/20230313_2/share/texmf-dist/tex/generic/pgf/math/pgfmathfunctions.integerarithmetics.code.tex) (/opt/homebrew/Cellar/texlive/20230313_2/share/texmf-dist/tex/generic/pgf/math/pgfmathcalc.code.tex) (/opt/homebrew/Cellar/texlive/20230313_2/share/texmf-dist/tex/generic/pgf/math/pgfmathfloat.code.tex
\c@pgfmathroundto@lastzeros=\count303
)) (/opt/homebrew/Cellar/texlive/20230313_2/share/texmf-dist/tex/generic/pgf/math/pgfint.code.tex) (/opt/homebrew/Cellar/texlive/20230313_2/share/texmf-dist/tex/generic/pgf/basiclayer/pgfcorepoints.code.tex
File: pgfcorepoints.code.tex 2023-01-15 v3.1.10 (3.1.10)
\pgf@picminx=\dimen267
\pgf@picmaxx=\dimen268
\pgf@picminy=\dimen269
\pgf@picmaxy=\dimen270
\pgf@pathminx=\dimen271
\pgf@pathmaxx=\dimen272
\pgf@pathminy=\dimen273
\pgf@pathmaxy=\dimen274
\pgf@xx=\dimen275
\pgf@xy=\dimen276
\pgf@yx=\dimen277
\pgf@yy=\dimen278
\pgf@zx=\dimen279
\pgf@zy=\dimen280
) (/opt/homebrew/Cellar/texlive/20230313_2/share/texmf-dist/tex/generic/pgf/basiclayer/pgfcorepathconstruct.code.tex
File: pgfcorepathconstruct.code.tex 2023-01-15 v3.1.10 (3.1.10)
\pgf@path@lastx=\dimen281
\pgf@path@lasty=\dimen282
) (/opt/homebrew/Cellar/texlive/20230313_2/share/texmf-dist/tex/generic/pgf/basiclayer/pgfcorepathusage.code.tex
File: pgfcorepathusage.code.tex 2023-01-15 v3.1.10 (3.1.10)
\pgf@shorten@end@additional=\dimen283
\pgf@shorten@start@additional=\dimen284
) (/opt/homebrew/Cellar/texlive/20230313_2/share/texmf-dist/tex/generic/pgf/basiclayer/pgfcorescopes.code.tex
File: pgfcorescopes.code.tex 2023-01-15 v3.1.10 (3.1.10)
\pgfpic=\box59
\pgf@hbox=\box60
\pgf@layerbox@main=\box61
\pgf@picture@serial@count=\count304
) (/opt/homebrew/Cellar/texlive/20230313_2/share/texmf-dist/tex/generic/pgf/basiclayer/pgfcoregraphicstate.code.tex
File: pgfcoregraphicstate.code.tex 2023-01-15 v3.1.10 (3.1.10)
\pgflinewidth=\dimen285
)
(/opt/homebrew/Cellar/texlive/20230313_2/share/texmf-dist/tex/generic/pgf/basiclayer/pgfcoretransformations.code.tex
File: pgfcoretransformations.code.tex 2023-01-15 v3.1.10 (3.1.10)
\pgf@pt@x=\dimen286
\pgf@pt@y=\dimen287
\pgf@pt@temp=\dimen288
) (/opt/homebrew/Cellar/texlive/20230313_2/share/texmf-dist/tex/generic/pgf/basiclayer/pgfcorequick.code.tex
File: pgfcorequick.code.tex 2023-01-15 v3.1.10 (3.1.10)
) (/opt/homebrew/Cellar/texlive/20230313_2/share/texmf-dist/tex/generic/pgf/basiclayer/pgfcoreobjects.code.tex
File: pgfcoreobjects.code.tex 2023-01-15 v3.1.10 (3.1.10)
) (/opt/homebrew/Cellar/texlive/20230313_2/share/texmf-dist/tex/generic/pgf/basiclayer/pgfcorepathprocessing.code.tex
File: pgfcorepathprocessing.code.tex 2023-01-15 v3.1.10 (3.1.10)
) (/opt/homebrew/Cellar/texlive/20230313_2/share/texmf-dist/tex/generic/pgf/basiclayer/pgfcorearrows.code.tex
File: pgfcorearrows.code.tex 2023-01-15 v3.1.10 (3.1.10)
\pgfarrowsep=\dimen289
) (/opt/homebrew/Cellar/texlive/20230313_2/share/texmf-dist/tex/generic/pgf/basiclayer/pgfcoreshade.code.tex
File: pgfcoreshade.code.tex 2023-01-15 v3.1.10 (3.1.10)
\pgf@max=\dimen290
\pgf@sys@shading@range@num=\count305
\pgf@shadingcount=\count306
) (/opt/homebrew/Cellar/texlive/20230313_2/share/texmf-dist/tex/generic/pgf/basiclayer/pgfcoreimage.code.tex
File: pgfcoreimage.code.tex 2023-01-15 v3.1.10 (3.1.10)
) (/opt/homebrew/Cellar/texlive/20230313_2/share/texmf-dist/tex/generic/pgf/basiclayer/pgfcoreexternal.code.tex
File: pgfcoreexternal.code.tex 2023-01-15 v3.1.10 (3.1.10)
\pgfexternal@startupbox=\box62
) (/opt/homebrew/Cellar/texlive/20230313_2/share/texmf-dist/tex/generic/pgf/basiclayer/pgfcorelayers.code.tex
File: pgfcorelayers.code.tex 2023-01-15 v3.1.10 (3.1.10)
) (/opt/homebrew/Cellar/texlive/20230313_2/share/texmf-dist/tex/generic/pgf/basiclayer/pgfcoretransparency.code.tex
File: pgfcoretransparency.code.tex 2023-01-15 v3.1.10 (3.1.10)
) (/opt/homebrew/Cellar/texlive/20230313_2/share/texmf-dist/tex/generic/pgf/basiclayer/pgfcorepatterns.code.tex
File: pgfcorepatterns.code.tex 2023-01-15 v3.1.10 (3.1.10)
) (/opt/homebrew/Cellar/texlive/20230313_2/share/texmf-dist/tex/generic/pgf/basiclayer/pgfcorerdf.code.tex
File: pgfcorerdf.code.tex 2023-01-15 v3.1.10 (3.1.10)
))) (/opt/homebrew/Cellar/texlive/20230313_2/share/texmf-dist/tex/generic/pgf/modules/pgfmoduleshapes.code.tex
File: pgfmoduleshapes.code.tex 2023-01-15 v3.1.10 (3.1.10)
\pgfnodeparttextbox=\box63
) (/opt/homebrew/Cellar/texlive/20230313_2/share/texmf-dist/tex/generic/pgf/modules/pgfmoduleplot.code.tex
File: pgfmoduleplot.code.tex 2023-01-15 v3.1.10 (3.1.10)
) (/opt/homebrew/Cellar/texlive/20230313_2/share/texmf-dist/tex/latex/pgf/compatibility/pgfcomp-version-0-65.sty
Package: pgfcomp-version-0-65 2023-01-15 v3.1.10 (3.1.10)
\pgf@nodesepstart=\dimen291
\pgf@nodesepend=\dimen292
) (/opt/homebrew/Cellar/texlive/20230313_2/share/texmf-dist/tex/latex/pgf/compatibility/pgfcomp-version-1-18.sty
Package: pgfcomp-version-1-18 2023-01-15 v3.1.10 (3.1.10)
)) (/opt/homebrew/Cellar/texlive/20230313_2/share/texmf-dist/tex/latex/pgf/utilities/pgffor.sty (/opt/homebrew/Cellar/texlive/20230313_2/share/texmf-dist/tex/latex/pgf/utilities/pgfkeys.sty
(/opt/homebrew/Cellar/texlive/20230313_2/share/texmf-dist/tex/generic/pgf/utilities/pgfkeys.code.tex)) (/opt/homebrew/Cellar/texlive/20230313_2/share/texmf-dist/tex/latex/pgf/math/pgfmath.sty (/opt/homebrew/Cellar/texlive/20230313_2/share/texmf-dist/tex/generic/pgf/math/pgfmath.code.tex)) (/opt/homebrew/Cellar/texlive/20230313_2/share/texmf-dist/tex/generic/pgf/utilities/pgffor.code.tex
Package: pgffor 2023-01-15 v3.1.10 (3.1.10)
\pgffor@iter=\dimen293
\pgffor@skip=\dimen294
\pgffor@stack=\toks41
\pgffor@toks=\toks42
)) (/opt/homebrew/Cellar/texlive/20230313_2/share/texmf-dist/tex/generic/pgf/frontendlayer/tikz/tikz.code.tex
Package: tikz 2023-01-15 v3.1.10 (3.1.10)
 (/opt/homebrew/Cellar/texlive/20230313_2/share/texmf-dist/tex/generic/pgf/libraries/pgflibraryplothandlers.code.tex
File: pgflibraryplothandlers.code.tex 2023-01-15 v3.1.10 (3.1.10)
\pgf@plot@mark@count=\count307
\pgfplotmarksize=\dimen295
)
\tikz@lastx=\dimen296
\tikz@lasty=\dimen297
\tikz@lastxsaved=\dimen298
\tikz@lastysaved=\dimen299
\tikz@lastmovetox=\dimen300
\tikz@lastmovetoy=\dimen301
\tikzleveldistance=\dimen302
\tikzsiblingdistance=\dimen303
\tikz@figbox=\box64
\tikz@figbox@bg=\box65
\tikz@tempbox=\box66
\tikz@tempbox@bg=\box67
\tikztreelevel=\count308
\tikznumberofchildren=\count309
\tikznumberofcurrentchild=\count310
\tikz@fig@count=\count311
 (/opt/homebrew/Cellar/texlive/20230313_2/share/texmf-dist/tex/generic/pgf/modules/pgfmodulematrix.code.tex
File: pgfmodulematrix.code.tex 2023-01-15 v3.1.10 (3.1.10)
\pgfmatrixcurrentrow=\count312
\pgfmatrixcurrentcolumn=\count313
\pgf@matrix@numberofcolumns=\count314
)
\tikz@expandcount=\count315
 (/opt/homebrew/Cellar/texlive/20230313_2/share/texmf-dist/tex/generic/pgf/frontendlayer/tikz/libraries/tikzlibrarytopaths.code.tex
File: tikzlibrarytopaths.code.tex 2023-01-15 v3.1.10 (3.1.10)
))) (/opt/homebrew/Cellar/texlive/20230313_2/share/texmf-dist/tex/generic/pgfplots/pgfplots.code.tex (/opt/homebrew/Cellar/texlive/20230313_2/share/texmf-dist/tex/generic/pgfplots/pgfplotscore.code.tex
\t@pgfplots@toka=\toks43
\t@pgfplots@tokb=\toks44
\t@pgfplots@tokc=\toks45
\pgfplots@tmpa=\dimen304
\c@pgfplots@coordindex=\count316
\c@pgfplots@scanlineindex=\count317
 (/opt/homebrew/Cellar/texlive/20230313_2/share/texmf-dist/tex/generic/pgfplots/sys/pgfplotssysgeneric.code.tex)) (/opt/homebrew/Cellar/texlive/20230313_2/share/texmf-dist/tex/generic/pgfplots/libs/pgfplotslibrary.code.tex) (/opt/homebrew/Cellar/texlive/20230313_2/share/texmf-dist/tex/generic/pgfplots/oldpgfcompatib/pgfplotsoldpgfsupp_loader.code.tex (/opt/homebrew/Cellar/texlive/20230313_2/share/texmf-dist/tex/generic/pgf/libraries/pgflibraryfpu.code.tex)
Package pgfplots: loading complementary utilities for your pgf version...
\t@pgf@toka=\toks46
\t@pgf@tokb=\toks47
\t@pgf@tokc=\toks48
(/opt/homebrew/Cellar/texlive/20230313_2/share/texmf-dist/tex/generic/pgfplots/oldpgfcompatib/pgfplotsoldpgfsupp_pgfutil-common-lists.tex)) (/opt/homebrew/Cellar/texlive/20230313_2/share/texmf-dist/tex/generic/pgfplots/util/pgfplotsutil.code.tex (/opt/homebrew/Cellar/texlive/20230313_2/share/texmf-dist/tex/generic/pgfplots/liststructure/pgfplotsliststructure.code.tex) (/opt/homebrew/Cellar/texlive/20230313_2/share/texmf-dist/tex/generic/pgfplots/liststructure/pgfplotsliststructureext.code.tex) (/opt/homebrew/Cellar/texlive/20230313_2/share/texmf-dist/tex/generic/pgfplots/liststructure/pgfplotsarray.code.tex
\c@pgfplotsarray@tmp=\count318
) (/opt/homebrew/Cellar/texlive/20230313_2/share/texmf-dist/tex/generic/pgfplots/liststructure/pgfplotsmatrix.code.tex) (/opt/homebrew/Cellar/texlive/20230313_2/share/texmf-dist/tex/generic/pgfplots/numtable/pgfplotstableshared.code.tex
\c@pgfplotstable@counta=\count319
\t@pgfplotstable@a=\toks49
) (/opt/homebrew/Cellar/texlive/20230313_2/share/texmf-dist/tex/generic/pgfplots/liststructure/pgfplotsdeque.code.tex) (/opt/homebrew/Cellar/texlive/20230313_2/share/texmf-dist/tex/generic/pgfplots/util/pgfplotsbinary.code.tex (/opt/homebrew/Cellar/texlive/20230313_2/share/texmf-dist/tex/generic/pgfplots/util/pgfplotsbinary.data.code.tex)) (/opt/homebrew/Cellar/texlive/20230313_2/share/texmf-dist/tex/generic/pgfplots/util/pgfplotsutil.verb.code.tex) (/opt/homebrew/Cellar/texlive/20230313_2/share/texmf-dist/tex/generic/pgfplots/libs/pgflibrarypgfplots.surfshading.code.tex
\c@pgfplotslibrarysurf@no=\count320
 (/opt/homebrew/Cellar/texlive/20230313_2/share/texmf-dist/tex/generic/pgfplots/sys/pgflibrarypgfplots.surfshading.pgfsys-pdftex.def))) (/opt/homebrew/Cellar/texlive/20230313_2/share/texmf-dist/tex/generic/pgfplots/util/pgfplotscolormap.code.tex (/opt/homebrew/Cellar/texlive/20230313_2/share/texmf-dist/tex/generic/pgfplots/util/pgfplotscolor.code.tex)) (/opt/homebrew/Cellar/texlive/20230313_2/share/texmf-dist/tex/generic/pgfplots/pgfplotsstackedplots.code.tex) (/opt/homebrew/Cellar/texlive/20230313_2/share/texmf-dist/tex/generic/pgfplots/pgfplotsplothandlers.code.tex (/opt/homebrew/Cellar/texlive/20230313_2/share/texmf-dist/tex/generic/pgfplots/pgfplotsmeshplothandler.code.tex (/opt/homebrew/Cellar/texlive/20230313_2/share/texmf-dist/tex/generic/pgfplots/pgfplotsmeshplotimage.code.tex))) (/opt/homebrew/Cellar/texlive/20230313_2/share/texmf-dist/tex/generic/pgfplots/pgfplots.scaling.code.tex) (/opt/homebrew/Cellar/texlive/20230313_2/share/texmf-dist/tex/generic/pgfplots/pgfplotscoordprocessing.code.tex) (/opt/homebrew/Cellar/texlive/20230313_2/share/texmf-dist/tex/generic/pgfplots/pgfplots.errorbars.code.tex) (/opt/homebrew/Cellar/texlive/20230313_2/share/texmf-dist/tex/generic/pgfplots/pgfplots.markers.code.tex) (/opt/homebrew/Cellar/texlive/20230313_2/share/texmf-dist/tex/generic/pgfplots/pgfplotsticks.code.tex) (/opt/homebrew/Cellar/texlive/20230313_2/share/texmf-dist/tex/generic/pgfplots/pgfplots.paths.code.tex) (/opt/homebrew/Cellar/texlive/20230313_2/share/texmf-dist/tex/generic/pgf/frontendlayer/tikz/libraries/tikzlibrarydecorations.code.tex (/opt/homebrew/Cellar/texlive/20230313_2/share/texmf-dist/tex/generic/pgf/modules/pgfmoduledecorations.code.tex
\pgfdecoratedcompleteddistance=\dimen305
\pgfdecoratedremainingdistance=\dimen306
\pgfdecoratedinputsegmentcompleteddistance=\dimen307
\pgfdecoratedinputsegmentremainingdistance=\dimen308
\pgf@decorate@distancetomove=\dimen309
\pgf@decorate@repeatstate=\count321
\pgfdecorationsegmentamplitude=\dimen310
\pgfdecorationsegmentlength=\dimen311
)
\tikz@lib@dec@box=\box68
) (/opt/homebrew/Cellar/texlive/20230313_2/share/texmf-dist/tex/generic/pgf/frontendlayer/tikz/libraries/tikzlibrarydecorations.pathmorphing.code.tex (/opt/homebrew/Cellar/texlive/20230313_2/share/texmf-dist/tex/generic/pgf/libraries/decorations/pgflibrarydecorations.pathmorphing.code.tex)) (/opt/homebrew/Cellar/texlive/20230313_2/share/texmf-dist/tex/generic/pgf/frontendlayer/tikz/libraries/tikzlibrarydecorations.pathreplacing.code.tex (/opt/homebrew/Cellar/texlive/20230313_2/share/texmf-dist/tex/generic/pgf/libraries/decorations/pgflibrarydecorations.pathreplacing.code.tex)) (/opt/homebrew/Cellar/texlive/20230313_2/share/texmf-dist/tex/generic/pgfplots/libs/tikzlibrarypgfplots.contourlua.code.tex)
\pgfplots@numplots=\count322
\pgfplots@xmin@reg=\dimen312
\pgfplots@xmax@reg=\dimen313
\pgfplots@ymin@reg=\dimen314
\pgfplots@ymax@reg=\dimen315
\pgfplots@zmin@reg=\dimen316
\pgfplots@zmax@reg=\dimen317
) (/opt/homebrew/Cellar/texlive/20230313_2/share/texmf-dist/tex/generic/pgf/frontendlayer/tikz/libraries/tikzlibraryplotmarks.code.tex
File: tikzlibraryplotmarks.code.tex 2023-01-15 v3.1.10 (3.1.10)

(/opt/homebrew/Cellar/texlive/20230313_2/share/texmf-dist/tex/generic/pgf/libraries/pgflibraryplotmarks.code.tex
File: pgflibraryplotmarks.code.tex 2023-01-15 v3.1.10 (3.1.10)
))) (/opt/homebrew/Cellar/texlive/20230313_2/share/texmf-dist/tex/latex/stmaryrd/stmaryrd.sty
Package: stmaryrd 1994/03/03 St Mary's Road symbol package
\symstmry=\mathgroup7
LaTeX Font Info:    Overwriting symbol font `stmry' in version `bold'
(Font)                  U/stmry/m/n --> U/stmry/b/n on input line 89.
) (/opt/homebrew/Cellar/texlive/20230313_2/share/texmf-dist/tex/generic/tikz-cd/tikzlibrarycd.code.tex (/opt/homebrew/Cellar/texlive/20230313_2/share/texmf-dist/tex/generic/pgf/frontendlayer/tikz/libraries/tikzlibrarymatrix.code.tex
File: tikzlibrarymatrix.code.tex 2023-01-15 v3.1.10 (3.1.10)
) (/opt/homebrew/Cellar/texlive/20230313_2/share/texmf-dist/tex/generic/pgf/frontendlayer/tikz/libraries/tikzlibraryquotes.code.tex
File: tikzlibraryquotes.code.tex 2023-01-15 v3.1.10 (3.1.10)
) (/opt/homebrew/Cellar/texlive/20230313_2/share/texmf-dist/tex/generic/pgf/libraries/pgflibraryarrows.meta.code.tex
File: pgflibraryarrows.meta.code.tex 2023-01-15 v3.1.10 (3.1.10)
\pgfarrowinset=\dimen318
\pgfarrowlength=\dimen319
\pgfarrowwidth=\dimen320
\pgfarrowlinewidth=\dimen321
)) (/opt/homebrew/Cellar/texlive/20230313_2/share/texmf-dist/tex/latex/tikzmark/tikzlibrarytikzmark.code.tex
File: tikzlibrarytikzmark.code.tex 2022/08/24 v1.15 TikZ library for marking positions in a document
 (/opt/homebrew/Cellar/texlive/20230313_2/share/texmf-dist/tex/latex/l3kernel/expl3.sty
Package: expl3 2023-02-22 L3 programming layer (loader) 
 (/opt/homebrew/Cellar/texlive/20230313_2/share/texmf-dist/tex/latex/l3backend/l3backend-pdftex.def
File: l3backend-pdftex.def 2023-01-16 L3 backend support: PDF output (pdfTeX)
\l__color_backend_stack_int=\count323
\l__pdf_internal_box=\box69
)) (/opt/homebrew/Cellar/texlive/20230313_2/share/texmf-dist/tex/latex/l3packages/l3keys2e/l3keys2e.sty
Package: l3keys2e 2023-02-02 LaTeX2e option processing using LaTeX3 keys
) (/opt/homebrew/Cellar/texlive/20230313_2/share/texmf-dist/tex/latex/l3packages/xparse/xparse.sty
Package: xparse 2023-02-02 L3 Experimental document command parser
)
\l__sn_x_dim=\dimen322
\l__sn_y_dim=\dimen323
\l__sn_xa_dim=\dimen324
\l__sn_ya_dim=\dimen325
) (/opt/homebrew/Cellar/texlive/20230313_2/share/texmf-dist/tex/generic/pgf/frontendlayer/tikz/libraries/tikzlibraryshapes.geometric.code.tex
File: tikzlibraryshapes.geometric.code.tex 2023-01-15 v3.1.10 (3.1.10)
 (/opt/homebrew/Cellar/texlive/20230313_2/share/texmf-dist/tex/generic/pgf/libraries/shapes/pgflibraryshapes.geometric.code.tex
File: pgflibraryshapes.geometric.code.tex 2023-01-15 v3.1.10 (3.1.10)
)) (/opt/homebrew/Cellar/texlive/20230313_2/share/texmf-dist/tex/latex/colortbl/colortbl.sty
Package: colortbl 2022/06/20 v1.0f Color table columns (DPC)
\everycr=\toks50
\minrowclearance=\skip62
\rownum=\count324
) (/opt/homebrew/Cellar/texlive/20230313_2/share/texmf-dist/tex/latex/tools/tabularx.sty
Package: tabularx 2020/01/15 v2.11c `tabularx' package (DPC)
\TX@col@width=\dimen326
\TX@old@table=\dimen327
\TX@old@col=\dimen328
\TX@target=\dimen329
\TX@delta=\dimen330
\TX@cols=\count325
\TX@ftn=\toks51
)
\c@prob=\count326
 (./Rough-Draft.aux)
\openout1 = `Rough-Draft.aux'.

LaTeX Font Info:    Checking defaults for OML/cmm/m/it on input line 106.
LaTeX Font Info:    ... okay on input line 106.
LaTeX Font Info:    Checking defaults for OMS/cmsy/m/n on input line 106.
LaTeX Font Info:    ... okay on input line 106.
LaTeX Font Info:    Checking defaults for OT1/cmr/m/n on input line 106.
LaTeX Font Info:    ... okay on input line 106.
LaTeX Font Info:    Checking defaults for T1/cmr/m/n on input line 106.
LaTeX Font Info:    ... okay on input line 106.
LaTeX Font Info:    Checking defaults for TS1/cmr/m/n on input line 106.
LaTeX Font Info:    ... okay on input line 106.
LaTeX Font Info:    Checking defaults for OMX/cmex/m/n on input line 106.
LaTeX Font Info:    ... okay on input line 106.
LaTeX Font Info:    Checking defaults for U/cmr/m/n on input line 106.
LaTeX Font Info:    ... okay on input line 106.
LaTeX Font Info:    Checking defaults for PD1/pdf/m/n on input line 106.
LaTeX Font Info:    ... okay on input line 106.
LaTeX Font Info:    Checking defaults for PU/pdf/m/n on input line 106.
LaTeX Font Info:    ... okay on input line 106.

-- Lines per column: 54 (approximate, difference = 2.43001pt).
*geometry* driver: auto-detecting
*geometry* detected driver: pdftex
*geometry* verbose mode - [ preamble ] result:
* driver: pdftex
* paper: <default>
* layout: <same size as paper>
* layoutoffset:(h,v)=(0.0pt,0.0pt)
* modes: 
* h-part:(L,W,R)=(72.26999pt, 469.75502pt, 72.26999pt)
* v-part:(T,H,B)=(72.26999pt, 650.43001pt, 72.26999pt)
* \paperwidth=614.295pt
* \paperheight=794.96999pt
* \textwidth=469.75502pt
* \textheight=650.43001pt
* \oddsidemargin=0.0pt
* \evensidemargin=0.0pt
* \topmargin=-30.56761pt
* \headheight=12.0pt
* \headsep=18.56761pt
* \topskip=12.0pt
* \footskip=40.5821pt
* \marginparwidth=20.0pt
* \marginparsep=10.0pt
* \columnsep=12.0pt
* \skip\footins=10.79993pt plus 4.79993pt minus 2.39996pt
* \hoffset=0.0pt
* \voffset=0.0pt
* \mag=1000
* \@twocolumntrue
* \@twosidefalse
* \@mparswitchfalse
* \@reversemarginfalse
* (1in=72.27pt=25.4mm, 1cm=28.453pt)

Package caption Info: Begin \AtBeginDocument code.
Package caption Info: hyperref package is loaded.
Package caption Info: End \AtBeginDocument code.
(/opt/homebrew/Cellar/texlive/20230313_2/share/texmf-dist/tex/context/base/mkii/supp-pdf.mkii
[Loading MPS to PDF converter (version 2006.09.02).]
\scratchcounter=\count327
\scratchdimen=\dimen331
\scratchbox=\box70
\nofMPsegments=\count328
\nofMParguments=\count329
\everyMPshowfont=\toks52
\MPscratchCnt=\count330
\MPscratchDim=\dimen332
\MPnumerator=\count331
\makeMPintoPDFobject=\count332
\everyMPtoPDFconversion=\toks53
) (/opt/homebrew/Cellar/texlive/20230313_2/share/texmf-dist/tex/latex/epstopdf-pkg/epstopdf-base.sty
Package: epstopdf-base 2020-01-24 v2.11 Base part for package epstopdf
Package epstopdf-base Info: Redefining graphics rule for `.eps' on input line 485.
 (/opt/homebrew/Cellar/texlive/20230313_2/share/texmf-dist/tex/latex/latexconfig/epstopdf-sys.cfg
File: epstopdf-sys.cfg 2010/07/13 v1.3 Configuration of (r)epstopdf for TeX Live
))
Package hyperref Info: Link coloring OFF on input line 106.
 (./Rough-Draft.out) (./Rough-Draft.out)
\@outlinefile=\write4
\openout4 = `Rough-Draft.out'.


Package pgfplots notification 'compat/show suggested version=true': you might benefit from \pgfplotsset{compat=1.18} (current compat level: 1.9).


Underfull \hbox (badness 10000) in paragraph at lines 111--113

 []

LaTeX Font Info:    Trying to load font information for U+msa on input line 113.
(/opt/homebrew/Cellar/texlive/20230313_2/share/texmf-dist/tex/latex/amsfonts/umsa.fd
File: umsa.fd 2013/01/14 v3.01 AMS symbols A
)
LaTeX Font Info:    Trying to load font information for U+msb on input line 113.
 (/opt/homebrew/Cellar/texlive/20230313_2/share/texmf-dist/tex/latex/amsfonts/umsb.fd
File: umsb.fd 2013/01/14 v3.01 AMS symbols B
)
LaTeX Font Info:    Trying to load font information for U+rsfs on input line 113.
 (/opt/homebrew/Cellar/texlive/20230313_2/share/texmf-dist/tex/latex/jknapltx/ursfs.fd
File: ursfs.fd 1998/03/24 rsfs font definition file (jk)
)
LaTeX Font Info:    Trying to load font information for U+stmry on input line 113.
 (/opt/homebrew/Cellar/texlive/20230313_2/share/texmf-dist/tex/latex/stmaryrd/Ustmry.fd)
Underfull \hbox (badness 10000) in paragraph at lines 118--121

 []


Underfull \hbox (badness 10000) in paragraph at lines 127--135

 []


Underfull \hbox (badness 5475) in paragraph at lines 127--135
\OT1/ptm/m/n/10 For the re-main-der of this pa-per we will take
 []


Underfull \hbox (badness 4013) in paragraph at lines 127--135
\OT1/ptm/m/n/10 spaces for a given lin-ear pro-gram-ming prob-lem,
 []


Underfull \hbox (badness 10000) in paragraph at lines 127--135

 []


Underfull \hbox (badness 3895) in paragraph at lines 137--140
[]\OT1/ptm/m/n/10 We will our in-te-ger pro-gram-ming prob-lem by
 []


Underfull \hbox (badness 3919) in paragraph at lines 137--140
\OT1/ptm/m/n/10 min-i-max-ity. Re-call our given lin-ear pro-gram-ming
 []


Underfull \hbox (badness 10000) in paragraph at lines 137--140

 []


Underfull \hbox (badness 10000) in paragraph at lines 145--146

 []


Underfull \hbox (badness 10000) in paragraph at lines 146--153

 []


Underfull \hbox (badness 10000) in paragraph at lines 159--160

 []


Underfull \hbox (badness 10000) in paragraph at lines 160--166
\OT1/ptm/m/n/10 Semantically, this says, "To solve an in-te-ger
 []


Underfull \hbox (badness 10000) in paragraph at lines 160--166

 []


Underfull \hbox (badness 10000) in paragraph at lines 166--167

 []


Underfull \hbox (badness 10000) in paragraph at lines 167--169

 []


Underfull \hbox (badness 10000) in paragraph at lines 169--170

 []


Underfull \hbox (badness 1622) in paragraph at lines 171--175
\OT1/ptm/m/n/10 pro-gram-ming prob-lem, $\OML/cmm/m/it/10 Z$\OT1/ptm/m/n/10 . How-ever, we must first
 []


Underfull \hbox (badness 10000) in paragraph at lines 171--175

 []


Underfull \hbox (badness 2591) in paragraph at lines 177--179
[]\OT1/ptm/m/n/10 In this sec-tion, we will prove some im-por-tant
 []


Underfull \hbox (badness 10000) in paragraph at lines 177--179

 []

[1{/opt/homebrew/Cellar/texlive/20230313_2/share/texmf-dist/fonts/map/pdftex/updmap/pdftex.map}{/opt/homebrew/Cellar/texlive/20230313_2/share/texmf-dist/fonts/enc/dvips/base/8r.enc}


]
Underfull \hbox (badness 10000) in paragraph at lines 181--183

 []


Underfull \hbox (badness 10000) in paragraph at lines 184--185

 []


Underfull \hbox (badness 1622) in paragraph at lines 187--199
[]\OT1/ptm/m/n/10 Suppose $[] \OMS/cmsy/m/n/10 2 \OML/cmm/m/it/10 X[]$\OT1/ptm/m/n/10 . If $[]$ is unique then
 []


Underfull \hbox (badness 10000) in paragraph at lines 187--199

 []


Underfull \hbox (badness 10000) in paragraph at lines 205--208

 []


Underfull \hbox (badness 10000) in paragraph at lines 209--219

 []


Underfull \hbox (badness 10000) in paragraph at lines 209--219

 []


Underfull \hbox (badness 10000) in paragraph at lines 220--221

 []


Underfull \hbox (badness 4193) in paragraph at lines 227--234
[][]\OT1/ptm/b/n/10 Remark II.4. []\OT1/ptm/m/n/10 If $\OML/cmm/m/it/10 X$ \OT1/ptm/m/n/10 is bounded non-redundantly
 []


Underfull \hbox (badness 10000) in paragraph at lines 227--234

 []


Underfull \hbox (badness 2134) in paragraph at lines 236--246
\OT1/ptm/m/n/10 to $\OML/cmm/m/it/10 n[]$ \OT1/ptm/m/n/10 de-ci-sion vari-ables, which is $\OML/cmm/m/it/10 n[]$\OT1/ptm/m/n/10 -dimensional,
 []


Underfull \hbox (badness 10000) in paragraph at lines 236--246

 []


Underfull \hbox (badness 6675) in paragraph at lines 247--250
\OT1/ptm/m/n/10 non-redudant con-straints and lin-early in-de-pen-dent
 []


Underfull \hbox (badness 10000) in paragraph at lines 247--250

 []


Underfull \hbox (badness 10000) in paragraph at lines 252--254

 []


Underfull \hbox (badness 10000) in paragraph at lines 255--256

 []


Underfull \hbox (badness 10000) in paragraph at lines 258--263

 []

[2]
Underfull \hbox (badness 10000) in paragraph at lines 269--271

 []


Underfull \hbox (badness 10000) in paragraph at lines 272--274

 []


Underfull \hbox (badness 10000) in paragraph at lines 276--277

 []


Underfull \hbox (badness 10000) in paragraph at lines 278--280

 []


Underfull \hbox (badness 10000) in paragraph at lines 280--297

 []


Underfull \hbox (badness 10000) in paragraph at lines 280--297

 []


Underfull \hbox (badness 10000) in paragraph at lines 300--303

 []


Underfull \hbox (badness 10000) in paragraph at lines 304--306

 []


Underfull \hbox (badness 10000) in paragraph at lines 306--307

 []


Underfull \hbox (badness 10000) in paragraph at lines 325--328

 []


Underfull \hbox (badness 10000) in paragraph at lines 329--330

 []


Underfull \hbox (badness 10000) in paragraph at lines 339--340

 []


Underfull \hbox (badness 10000) in paragraph at lines 342--346

 []

[3]
Underfull \hbox (badness 1939) in paragraph at lines 347--351
[][]\OT1/ptm/b/n/10 Theorem III.1 \OT1/ptm/m/n/10 (In-ter-me-di-ate Value The-o-rem)\OT1/ptm/b/n/10 . []\OT1/ptm/m/it/10 Let
 []


Underfull \hbox (badness 10000) in paragraph at lines 347--351
\OT1/ptm/m/it/10 func-tion across that in-ter-val. Then, for ev-ery
 []


Underfull \hbox (badness 2556) in paragraph at lines 347--351
\OML/cmm/m/it/10 y \OMS/cmsy/m/n/10 2 \OML/cmm/m/it/10 f\OT1/cmr/m/n/10 (\OML/cmm/m/it/10 I\OT1/cmr/m/n/10 ) = [[](\OML/cmm/m/it/10 f\OT1/cmr/m/n/10 (\OML/cmm/m/it/10 a\OT1/cmr/m/n/10 )\OML/cmm/m/it/10 ; f\OT1/cmr/m/n/10 (\OML/cmm/m/it/10 b\OT1/cmr/m/n/10 ))\OML/cmm/m/it/10 ; []\OT1/cmr/m/n/10 (\OML/cmm/m/it/10 f\OT1/cmr/m/n/10 (\OML/cmm/m/it/10 a\OT1/cmr/m/n/10 )\OML/cmm/m/it/10 ; f\OT1/cmr/m/n/10 (\OML/cmm/m/it/10 b\OT1/cmr/m/n/10 ))]$\OT1/ptm/m/it/10 ,
 []


Underfull \hbox (badness 10000) in paragraph at lines 347--351

 []


Underfull \hbox (badness 10000) in paragraph at lines 352--370

 []


Underfull \hbox (badness 10000) in paragraph at lines 352--370

 []


Underfull \hbox (badness 3849) in paragraph at lines 352--370
\OT1/ptm/m/n/10 Before defin-ing an al-go-rithm about this pro-cess,
 []


Underfull \hbox (badness 2401) in paragraph at lines 352--370
\OT1/ptm/m/n/10 means. In ac-tu-al-ity, how one might per-form this
 []


Underfull \hbox (badness 10000) in paragraph at lines 352--370

 []


Underfull \hbox (badness 10000) in paragraph at lines 370--372

 []


Underfull \hbox (badness 10000) in paragraph at lines 372--375

 []


Underfull \hbox (badness 10000) in paragraph at lines 375--379

 []


Underfull \hbox (badness 10000) in paragraph at lines 379--381

 []


Underfull \hbox (badness 10000) in paragraph at lines 381--386

 []


Underfull \hbox (badness 10000) in paragraph at lines 386--388

 []


Underfull \hbox (badness 10000) in paragraph at lines 388--390

 []


Underfull \hbox (badness 10000) in paragraph at lines 390--392

 []


Underfull \hbox (badness 1902) in paragraph at lines 392--395
\OT1/ptm/m/n/10 we can per-form our "slice" by per-form-ing a set
 []


Underfull \hbox (badness 10000) in paragraph at lines 392--395

 []


Underfull \hbox (badness 10000) in paragraph at lines 395--398

 []


Underfull \hbox (badness 10000) in paragraph at lines 398--400

 []


Underfull \hbox (badness 10000) in paragraph at lines 401--406

 []

[4]
Underfull \hbox (badness 10000) in paragraph at lines 406--408

 []

LaTeX Font Info:    Trying to load font information for U+bbm on input line 408.
(/opt/homebrew/Cellar/texlive/20230313_2/share/texmf-dist/tex/latex/bbm-macros/ubbm.fd
File: ubbm.fd 1999/03/15 V 1.2 Font definition for bbm font - TH
)
Underfull \hbox (badness 10000) in paragraph at lines 408--410

 []


Underfull \hbox (badness 10000) in paragraph at lines 413--422

 []


Underfull \hbox (badness 10000) in paragraph at lines 413--422

 []


Underfull \hbox (badness 10000) in paragraph at lines 422--432

 []


Underfull \hbox (badness 10000) in paragraph at lines 422--432

 []


Underfull \hbox (badness 10000) in paragraph at lines 432--433

 []


Underfull \hbox (badness 10000) in paragraph at lines 433--434

 []

LaTeX Font Info:    Trying to load font information for OT1+pcr on input line 434.
(/opt/homebrew/Cellar/texlive/20230313_2/share/texmf-dist/tex/latex/psnfss/ot1pcr.fd
File: ot1pcr.fd 2001/06/04 font definitions for OT1/pcr.
)
Underfull \hbox (badness 10000) in paragraph at lines 434--436

 []


Underfull \hbox (badness 10000) in paragraph at lines 436--437

 []


Underfull \hbox (badness 10000) in paragraph at lines 437--438

 []


Underfull \hbox (badness 10000) in paragraph at lines 438--439

 []


Underfull \hbox (badness 10000) in paragraph at lines 439--440

 []


Underfull \hbox (badness 10000) in paragraph at lines 440--441

 []


Underfull \hbox (badness 10000) in paragraph at lines 441--442

 []


Underfull \hbox (badness 10000) in paragraph at lines 443--444

 []


Underfull \hbox (badness 10000) in paragraph at lines 444--446

 []


Underfull \hbox (badness 10000) in paragraph at lines 446--448

 []


Underfull \hbox (badness 10000) in paragraph at lines 448--449

 []


Underfull \hbox (badness 10000) in paragraph at lines 450--451

 []


Underfull \hbox (badness 10000) in paragraph at lines 452--453

 []


Underfull \hbox (badness 10000) in paragraph at lines 453--454

 []


Underfull \hbox (badness 10000) in paragraph at lines 455--461

 []


Underfull \hbox (badness 10000) in paragraph at lines 463--466

 []


Underfull \hbox (badness 10000) in paragraph at lines 473--474

 []


Underfull \hbox (badness 10000) in paragraph at lines 474--477

 []


Underfull \hbox (badness 1762) in paragraph at lines 477--480
\OT1/ptm/m/n/10 is a gen-er-al-ized form of an affine hy-per-plane of
 []


Underfull \hbox (badness 10000) in paragraph at lines 477--480

 []


Underfull \hbox (badness 10000) in paragraph at lines 480--483

 []

[5]
Underfull \hbox (badness 10000) in paragraph at lines 485--486

 []


Underfull \hbox (badness 10000) in paragraph at lines 486--488

 []


Underfull \hbox (badness 10000) in paragraph at lines 488--490

 []


Underfull \hbox (badness 1735) in paragraph at lines 490--495
\OT1/ptm/m/n/10 So far, we have ap-proached solv-ing this prob-lem
 []


Underfull \hbox (badness 10000) in paragraph at lines 490--495

 []


Underfull \hbox (badness 10000) in paragraph at lines 495--497

 []


Underfull \hbox (badness 10000) in paragraph at lines 498--500

 []


Underfull \hbox (badness 10000) in paragraph at lines 502--504

 []


Underfull \hbox (badness 10000) in paragraph at lines 505--507

 []


Underfull \hbox (badness 10000) in paragraph at lines 507--513

 []


Underfull \hbox (badness 10000) in paragraph at lines 517--521

 []


Underfull \hbox (badness 10000) in paragraph at lines 521--523

 []


Underfull \hbox (badness 10000) in paragraph at lines 524--527

 []


Underfull \hbox (badness 10000) in paragraph at lines 527--532

 []


Underfull \hbox (badness 1831) in paragraph at lines 534--545
\OT1/ptm/m/n/10 in-ter-sect-ing the ori-gin. In our lin-ear pro-gram-ming
 []


Underfull \hbox (badness 1888) in paragraph at lines 534--545
\OT1/ptm/m/n/10 prob-lem, we wish to max-i-mize this value, whilst
 []


Underfull \hbox (badness 10000) in paragraph at lines 534--545

 []


Underfull \hbox (badness 1762) in paragraph at lines 547--567
\OT1/ptm/m/n/10 pre-serv-ing its con-tain-ment of the op-ti-mal so-lu-tion
 []


Underfull \hbox (badness 1430) in paragraph at lines 547--567
\OT1/ptm/m/n/10 the in-ter-sec-tion of our cur-rent bound-ary with this
 []


Underfull \hbox (badness 1694) in paragraph at lines 547--567
\OT1/ptm/m/n/10 bounded re-gion. We re-peat these two trans-la-tional
 []


Underfull \hbox (badness 1418) in paragraph at lines 547--567
\OT1/ptm/m/n/10 call $\OML/cmm/m/it/10 X[]$\OT1/ptm/m/n/10 , is our cur-rent ob-jec-tive func-tion so-lu-tion
 []


Underfull \hbox (badness 10000) in paragraph at lines 547--567

 []

[6]
Underfull \hbox (badness 2158) in paragraph at lines 568--570
[][]\OT1/ptm/b/n/10 Conjecture V.1. []\OT1/ptm/m/it/10 The above pro-ce-dure is a valid
 []


Underfull \hbox (badness 10000) in paragraph at lines 568--570

 []


Underfull \hbox (badness 10000) in paragraph at lines 571--573

 []


Underfull \hbox (badness 10000) in paragraph at lines 575--580

 []


Underfull \hbox (badness 2393) in paragraph at lines 582--589
\OT1/ptm/m/n/10 so-lu-tion to our lin-ear pro-gram-ming prob-lem. The
 []


Underfull \hbox (badness 2012) in paragraph at lines 582--589
\OT1/ptm/m/n/10 min-i-mal $\OML/cmm/m/it/10 n$\OT1/ptm/m/n/10 -sphere whose bound-ary in-ter-sects some
 []


Underfull \hbox (badness 10000) in paragraph at lines 582--589

 []


Underfull \hbox (badness 10000) in paragraph at lines 590--594

 []


Underfull \hbox (badness 10000) in paragraph at lines 595--600

 []


Underfull \hbox (badness 10000) in paragraph at lines 602--617

 []


Underfull \hbox (badness 2653) in paragraph at lines 619--621
[]\OT1/ptm/m/n/10 Unlike pre-vi-ous sec-tions, this sec-tion is purely
 []


Underfull \hbox (badness 2096) in paragraph at lines 619--621
\OT1/ptm/m/n/10 con-jec-ture from play-ing around with the pre-vi-ous
 []


Underfull \hbox (badness 10000) in paragraph at lines 619--621

 []


Underfull \hbox (badness 10000) in paragraph at lines 622--625
[][]\OT1/ptm/b/n/10 Conjecture VI.2. []\OT1/ptm/m/it/10 Of the $\OT1/cmr/m/n/10 2[]$ \OT1/ptm/m/it/10 afore-men-tioned
 []


Underfull \hbox (badness 10000) in paragraph at lines 622--625

 []


Underfull \hbox (badness 10000) in paragraph at lines 633--639
\OT1/ptm/m/n/10 holds, our fi-nal al-go-rithm for solv-ing in-te-ger
 []


Underfull \hbox (badness 1888) in paragraph at lines 633--639
\OT1/ptm/m/n/10 pro-gram-ming prob-lems us-ing LP goes as fol-lows.
 []


Underfull \hbox (badness 10000) in paragraph at lines 633--639

 []

[7]
Underfull \hbox (badness 3417) in paragraph at lines 641--648
\OT1/ptm/m/n/10 time, al-go-rithm. As such, our fi-nal al-go-rithm is
 []


Underfull \hbox (badness 2134) in paragraph at lines 641--648
\OT1/ptm/m/n/10 the com-po-si-tion of de-ter-min-is-tic, poly-no-mial time,
 []


Underfull \hbox (badness 10000) in paragraph at lines 641--648

 []


Underfull \hbox (badness 10000) in paragraph at lines 650--653

 []


** Conference Paper **
Before submitting the final camera ready copy, remember to:

 1. Manually equalize the lengths of two columns on the last page
 of your paper;

 2. Ensure that any PostScript and/or PDF output post-processing
 uses only Type 1 fonts and that every step in the generation
 process uses the appropriate paper size.

[8

] (./Rough-Draft.aux)
Package rerunfilecheck Info: File `Rough-Draft.out' has not changed.
(rerunfilecheck)             Checksum: AB8DDBFB8F7AB52D85579B43C8A52370;4178.
 ) 
Here is how much of TeX's memory you used:
 35106 strings out of 476025
 834687 string characters out of 5779036
 1878388 words of memory out of 5000000
 54937 multiletter control sequences out of 15000+600000
 545201 words of font info for 101 fonts, out of 8000000 for 9000
 1141 hyphenation exceptions out of 8191
 99i,11n,103p,728b,609s stack positions out of 10000i,1000n,20000p,200000b,200000s
 </Users/drewm/.texlive2023/texmf-var/fonts/pk/ljfour/public/bbm/bbm10.600pk></opt/homebrew/Cellar/texlive/20230313_2/share/texmf-dist/fonts/type1/public/amsfonts/cm/cmbx10.pfb></opt/homebrew/Cellar/texlive/20230313_2/share/texmf-dist/fonts/type1/public/amsfonts/cm/cmbx7.pfb></opt/homebrew/Cellar/texlive/20230313_2/share/texmf-dist/fonts/type1/public/amsfonts/cm/cmex10.pfb></opt/homebrew/Cellar/texlive/20230313_2/share/texmf-dist/fonts/type1/public/amsfonts/cm/cmmi10.pfb></opt/homebrew/Cellar/texlive/20230313_2/share/texmf-dist/fonts/type1/public/amsfonts/cm/cmmi5.pfb></opt/homebrew/Cellar/texlive/20230313_2/share/texmf-dist/fonts/type1/public/amsfonts/cm/cmmi7.pfb></opt/homebrew/Cellar/texlive/20230313_2/share/texmf-dist/fonts/type1/public/amsfonts/cm/cmr10.pfb></opt/homebrew/Cellar/texlive/20230313_2/share/texmf-dist/fonts/type1/public/amsfonts/cm/cmr5.pfb></opt/homebrew/Cellar/texlive/20230313_2/share/texmf-dist/fonts/type1/public/amsfonts/cm/cmr7.pfb></opt/homebrew/Cellar/texlive/20230313_2/share/texmf-dist/fonts/type1/public/amsfonts/cm/cmsy10.pfb></opt/homebrew/Cellar/texlive/20230313_2/share/texmf-dist/fonts/type1/public/amsfonts/cm/cmsy5.pfb></opt/homebrew/Cellar/texlive/20230313_2/share/texmf-dist/fonts/type1/public/amsfonts/cm/cmsy7.pfb></opt/homebrew/Cellar/texlive/20230313_2/share/texmf-dist/fonts/type1/public/amsfonts/symbols/msbm10.pfb></opt/homebrew/Cellar/texlive/20230313_2/share/texmf-dist/fonts/type1/public/amsfonts/symbols/msbm7.pfb></opt/homebrew/Cellar/texlive/20230313_2/share/texmf-dist/fonts/type1/public/stmaryrd/stmary10.pfb></opt/homebrew/Cellar/texlive/20230313_2/share/texmf-dist/fonts/type1/urw/courier/ucrr8a.pfb></opt/homebrew/Cellar/texlive/20230313_2/share/texmf-dist/fonts/type1/urw/times/utmb8a.pfb></opt/homebrew/Cellar/texlive/20230313_2/share/texmf-dist/fonts/type1/urw/times/utmr8a.pfb></opt/homebrew/Cellar/texlive/20230313_2/share/texmf-dist/fonts/type1/urw/times/utmri8a.pfb>
Output written on Rough-Draft.pdf (8 pages, 221975 bytes).
PDF statistics:
 273 PDF objects out of 1000 (max. 8388607)
 221 compressed objects within 3 object streams
 49 named destinations out of 1000 (max. 500000)
 205 words of extra memory for PDF output out of 10000 (max. 10000000)

